<?xml version="1.0" encoding="UTF-8"?>
<testsuite name="test.java.asw.ciaomondo.TestCiaoMondo" tests="1" skipped="0" failures="0" errors="0" timestamp="2019-11-22T14:47:39" hostname="DESKTOP-SF9PVME" time="0.014">
  <properties/>
  <testcase name="testAppHasAGreeting()" classname="test.java.asw.ciaomondo.TestCiaoMondo" time="0.014"/>
  <system-out><![CDATA[]]></system-out>
  <system-err><![CDATA[]]></system-err>
</testsuite>
